[11:08:46] [ServerMain/INFO]: Environment: Environment[sessionHost=https://sessionserver.mojang.com, servicesHost=https://api.minecraftservices.com, name=PROD]
[11:08:52] [ServerMain/INFO]: Loaded 1370 recipes
[11:08:52] [Server thread/INFO]: Starting minecraft server version 1.21.4
[11:08:52] [Server thread/INFO]: Loading properties
[11:08:53] [Server thread/INFO]: This server is running CraftBukkit version 4440-Spigot-e5a64e7-43f66f6 (MC: 1.21.4) (Implementing API version 1.21.4-R0.1-SNAPSHOT)
[11:08:54] [Server thread/INFO]: *** This version of Spigot contains changes to some enums. If you notice that plugins no longer work after updating, please report this to the developers of those plugins first. ***
[11:08:54] [Server thread/INFO]: *** If you cannot update those plugins, you can try setting `settings.compatibility.enum-compatibility-mode` to `true` in `bukkit.yml`. ***
[11:08:54] [Server thread/INFO]: Server Ping Player Sample Count: 12
[11:08:54] [Server thread/INFO]: Using 4 threads for Netty based IO
[11:08:54] [Server thread/INFO]: Debug logging is disabled
[11:08:54] [Server thread/INFO]: Default game type: SURVIVAL
[11:08:54] [Server thread/INFO]: Generating keypair
[11:08:55] [Server thread/INFO]: Starting Minecraft server on *:25565
[11:08:55] [Server thread/INFO]: Using epoll channel type
[11:08:55] [Server thread/WARN]: Initializing Legacy Material Support. Unless you have legacy plugins and/or data this is a bug!
[11:09:14] [Server thread/WARN]: Legacy plugin Minecraft2Arduino v0.1 dev does not specify an api-version.
[11:09:14] [Server thread/INFO]: [Minecraft2Arduino] Loading Minecraft2Arduino v0.1 dev
[11:09:14] [Server thread/INFO]: Preparing level "world"
[11:09:14] [Server thread/INFO]: -------- World Settings For [world] --------
[11:09:14] [Server thread/INFO]: View Distance: 10
[11:09:14] [Server thread/INFO]: Simulation Distance: 10
[11:09:14] [Server thread/INFO]: Item Despawn Rate: 6000
[11:09:14] [Server thread/INFO]: Item Merge Radius: 2.5
[11:09:14] [Server thread/INFO]: Allow Zombie Pigmen to spawn from portal blocks: true
[11:09:14] [Server thread/INFO]: Arrow Despawn Rate: 1200 Trident Respawn Rate:1200
[11:09:14] [Server thread/INFO]: Zombie Aggressive Towards Villager: true
[11:09:14] [Server thread/INFO]: Nerfing mobs spawned from spawners: false
[11:09:14] [Server thread/INFO]: Experience Merge Radius: 3.0
[11:09:14] [Server thread/INFO]: Mob Spawn Range: 6
[11:09:14] [Server thread/INFO]: Hopper Transfer: 8 Hopper Check: 1 Hopper Amount: 1 Hopper Can Load Chunks: false
[11:09:14] [Server thread/INFO]: Custom Map Seeds:  Village: 10387312 Desert: 14357617 Igloo: 14357618 Jungle: 14357619 Swamp: 14357620 Monument: 10387313 Ocean: 14357621 Shipwreck: 165745295 End City: 10387313 Slime: 987234911 Nether: 30084232 Mansion: 10387319 Fossil: 14357921 Portal: 34222645
[11:09:14] [Server thread/INFO]: Max TNT Explosions: 100
[11:09:14] [Server thread/INFO]: Tile Max Tick Time: 50ms Entity max Tick Time: 50ms
[11:09:14] [Server thread/INFO]: Cactus Growth Modifier: 100%
[11:09:14] [Server thread/INFO]: Cane Growth Modifier: 100%
[11:09:14] [Server thread/INFO]: Melon Growth Modifier: 100%
[11:09:14] [Server thread/INFO]: Mushroom Growth Modifier: 100%
[11:09:14] [Server thread/INFO]: Pumpkin Growth Modifier: 100%
[11:09:14] [Server thread/INFO]: Sapling Growth Modifier: 100%
[11:09:14] [Server thread/INFO]: Beetroot Growth Modifier: 100%
[11:09:14] [Server thread/INFO]: Carrot Growth Modifier: 100%
[11:09:14] [Server thread/INFO]: Potato Growth Modifier: 100%
[11:09:14] [Server thread/INFO]: Wheat Growth Modifier: 100%
[11:09:14] [Server thread/INFO]: NetherWart Growth Modifier: 100%
[11:09:14] [Server thread/INFO]: Vine Growth Modifier: 100%
[11:09:14] [Server thread/INFO]: Cocoa Growth Modifier: 100%
[11:09:14] [Server thread/INFO]: Bamboo Growth Modifier: 100%
[11:09:14] [Server thread/INFO]: SweetBerry Growth Modifier: 100%
[11:09:14] [Server thread/INFO]: Kelp Growth Modifier: 100%
[11:09:14] [Server thread/INFO]: TwistingVines Growth Modifier: 100%
[11:09:14] [Server thread/INFO]: WeepingVines Growth Modifier: 100%
[11:09:14] [Server thread/INFO]: CaveVines Growth Modifier: 100%
[11:09:14] [Server thread/INFO]: Entity Activation Range: An 32 / Mo 32 / Ra 48 / Mi 16 / Tiv true / Isa false
[11:09:14] [Server thread/INFO]: Entity Tracking Range: Pl 48 / An 48 / Mo 48 / Mi 32 / Di 128 / Other 64
[11:09:16] [Server thread/INFO]: -------- World Settings For [world_nether] --------
[11:09:16] [Server thread/INFO]: View Distance: 10
[11:09:16] [Server thread/INFO]: Simulation Distance: 10
[11:09:16] [Server thread/INFO]: Item Despawn Rate: 6000
[11:09:16] [Server thread/INFO]: Item Merge Radius: 2.5
[11:09:16] [Server thread/INFO]: Allow Zombie Pigmen to spawn from portal blocks: true
[11:09:16] [Server thread/INFO]: Arrow Despawn Rate: 1200 Trident Respawn Rate:1200
[11:09:16] [Server thread/INFO]: Zombie Aggressive Towards Villager: true
[11:09:16] [Server thread/INFO]: Nerfing mobs spawned from spawners: false
[11:09:16] [Server thread/INFO]: Experience Merge Radius: 3.0
[11:09:16] [Server thread/INFO]: Mob Spawn Range: 6
[11:09:16] [Server thread/INFO]: Hopper Transfer: 8 Hopper Check: 1 Hopper Amount: 1 Hopper Can Load Chunks: false
[11:09:16] [Server thread/INFO]: Custom Map Seeds:  Village: 10387312 Desert: 14357617 Igloo: 14357618 Jungle: 14357619 Swamp: 14357620 Monument: 10387313 Ocean: 14357621 Shipwreck: 165745295 End City: 10387313 Slime: 987234911 Nether: 30084232 Mansion: 10387319 Fossil: 14357921 Portal: 34222645
[11:09:16] [Server thread/INFO]: Max TNT Explosions: 100
[11:09:16] [Server thread/INFO]: Tile Max Tick Time: 50ms Entity max Tick Time: 50ms
[11:09:16] [Server thread/INFO]: Cactus Growth Modifier: 100%
[11:09:16] [Server thread/INFO]: Cane Growth Modifier: 100%
[11:09:16] [Server thread/INFO]: Melon Growth Modifier: 100%
[11:09:16] [Server thread/INFO]: Mushroom Growth Modifier: 100%
[11:09:16] [Server thread/INFO]: Pumpkin Growth Modifier: 100%
[11:09:16] [Server thread/INFO]: Sapling Growth Modifier: 100%
[11:09:16] [Server thread/INFO]: Beetroot Growth Modifier: 100%
[11:09:16] [Server thread/INFO]: Carrot Growth Modifier: 100%
[11:09:16] [Server thread/INFO]: Potato Growth Modifier: 100%
[11:09:16] [Server thread/INFO]: Wheat Growth Modifier: 100%
[11:09:16] [Server thread/INFO]: NetherWart Growth Modifier: 100%
[11:09:16] [Server thread/INFO]: Vine Growth Modifier: 100%
[11:09:16] [Server thread/INFO]: Cocoa Growth Modifier: 100%
[11:09:16] [Server thread/INFO]: Bamboo Growth Modifier: 100%
[11:09:16] [Server thread/INFO]: SweetBerry Growth Modifier: 100%
[11:09:16] [Server thread/INFO]: Kelp Growth Modifier: 100%
[11:09:16] [Server thread/INFO]: TwistingVines Growth Modifier: 100%
[11:09:16] [Server thread/INFO]: WeepingVines Growth Modifier: 100%
[11:09:16] [Server thread/INFO]: CaveVines Growth Modifier: 100%
[11:09:16] [Server thread/INFO]: Entity Activation Range: An 32 / Mo 32 / Ra 48 / Mi 16 / Tiv true / Isa false
[11:09:16] [Server thread/INFO]: Entity Tracking Range: Pl 48 / An 48 / Mo 48 / Mi 32 / Di 128 / Other 64
[11:09:16] [Server thread/INFO]: -------- World Settings For [world_the_end] --------
[11:09:16] [Server thread/INFO]: View Distance: 10
[11:09:16] [Server thread/INFO]: Simulation Distance: 10
[11:09:16] [Server thread/INFO]: Item Despawn Rate: 6000
[11:09:16] [Server thread/INFO]: Item Merge Radius: 2.5
[11:09:16] [Server thread/INFO]: Allow Zombie Pigmen to spawn from portal blocks: true
[11:09:16] [Server thread/INFO]: Arrow Despawn Rate: 1200 Trident Respawn Rate:1200
[11:09:16] [Server thread/INFO]: Zombie Aggressive Towards Villager: true
[11:09:16] [Server thread/INFO]: Nerfing mobs spawned from spawners: false
[11:09:16] [Server thread/INFO]: Experience Merge Radius: 3.0
[11:09:16] [Server thread/INFO]: Mob Spawn Range: 6
[11:09:16] [Server thread/INFO]: Hopper Transfer: 8 Hopper Check: 1 Hopper Amount: 1 Hopper Can Load Chunks: false
[11:09:16] [Server thread/INFO]: Custom Map Seeds:  Village: 10387312 Desert: 14357617 Igloo: 14357618 Jungle: 14357619 Swamp: 14357620 Monument: 10387313 Ocean: 14357621 Shipwreck: 165745295 End City: 10387313 Slime: 987234911 Nether: 30084232 Mansion: 10387319 Fossil: 14357921 Portal: 34222645
[11:09:16] [Server thread/INFO]: Max TNT Explosions: 100
[11:09:16] [Server thread/INFO]: Tile Max Tick Time: 50ms Entity max Tick Time: 50ms
[11:09:16] [Server thread/INFO]: Cactus Growth Modifier: 100%
[11:09:16] [Server thread/INFO]: Cane Growth Modifier: 100%
[11:09:16] [Server thread/INFO]: Melon Growth Modifier: 100%
[11:09:16] [Server thread/INFO]: Mushroom Growth Modifier: 100%
[11:09:16] [Server thread/INFO]: Pumpkin Growth Modifier: 100%
[11:09:16] [Server thread/INFO]: Sapling Growth Modifier: 100%
[11:09:16] [Server thread/INFO]: Beetroot Growth Modifier: 100%
[11:09:16] [Server thread/INFO]: Carrot Growth Modifier: 100%
[11:09:16] [Server thread/INFO]: Potato Growth Modifier: 100%
[11:09:16] [Server thread/INFO]: Wheat Growth Modifier: 100%
[11:09:16] [Server thread/INFO]: NetherWart Growth Modifier: 100%
[11:09:16] [Server thread/INFO]: Vine Growth Modifier: 100%
[11:09:16] [Server thread/INFO]: Cocoa Growth Modifier: 100%
[11:09:16] [Server thread/INFO]: Bamboo Growth Modifier: 100%
[11:09:16] [Server thread/INFO]: SweetBerry Growth Modifier: 100%
[11:09:16] [Server thread/INFO]: Kelp Growth Modifier: 100%
[11:09:16] [Server thread/INFO]: TwistingVines Growth Modifier: 100%
[11:09:16] [Server thread/INFO]: WeepingVines Growth Modifier: 100%
[11:09:16] [Server thread/INFO]: CaveVines Growth Modifier: 100%
[11:09:16] [Server thread/INFO]: Entity Activation Range: An 32 / Mo 32 / Ra 48 / Mi 16 / Tiv true / Isa false
[11:09:16] [Server thread/INFO]: Entity Tracking Range: Pl 48 / An 48 / Mo 48 / Mi 32 / Di 128 / Other 64
[11:09:16] [Server thread/INFO]: Preparing start region for dimension minecraft:overworld
[11:09:34] [Worker-Main-1/INFO]: Preparing spawn area: 0%
[11:09:34] [Worker-Main-1/INFO]: Preparing spawn area: 0%
[11:09:34] [Worker-Main-1/INFO]: Preparing spawn area: 0%
[11:09:34] [Worker-Main-1/INFO]: Preparing spawn area: 0%
[11:09:34] [Worker-Main-1/INFO]: Preparing spawn area: 0%
[11:09:34] [Worker-Main-1/INFO]: Preparing spawn area: 0%
[11:09:34] [Worker-Main-1/INFO]: Preparing spawn area: 0%
[11:09:34] [Worker-Main-1/INFO]: Preparing spawn area: 0%
[11:09:34] [Worker-Main-1/INFO]: Preparing spawn area: 0%
[11:09:34] [Worker-Main-1/INFO]: Preparing spawn area: 0%
[11:09:34] [Worker-Main-1/INFO]: Preparing spawn area: 0%
[11:09:34] [Worker-Main-1/INFO]: Preparing spawn area: 0%
[11:09:34] [Worker-Main-1/INFO]: Preparing spawn area: 0%
[11:09:34] [Worker-Main-1/INFO]: Preparing spawn area: 0%
[11:09:34] [Worker-Main-1/INFO]: Preparing spawn area: 0%
[11:09:34] [Worker-Main-1/INFO]: Preparing spawn area: 0%
[11:09:34] [Worker-Main-1/INFO]: Preparing spawn area: 0%
[11:09:34] [Worker-Main-1/INFO]: Preparing spawn area: 0%
[11:09:34] [Worker-Main-1/INFO]: Preparing spawn area: 0%
[11:09:34] [Worker-Main-1/INFO]: Preparing spawn area: 0%
[11:09:34] [Worker-Main-1/INFO]: Preparing spawn area: 0%
[11:09:34] [Worker-Main-1/INFO]: Preparing spawn area: 0%
[11:09:34] [Worker-Main-1/INFO]: Preparing spawn area: 0%
[11:09:34] [Worker-Main-1/INFO]: Preparing spawn area: 0%
[11:09:34] [Worker-Main-1/INFO]: Preparing spawn area: 0%
[11:09:34] [Worker-Main-1/INFO]: Preparing spawn area: 0%
[11:09:34] [Worker-Main-1/INFO]: Preparing spawn area: 0%
[11:09:34] [Worker-Main-1/INFO]: Preparing spawn area: 0%
[11:09:34] [Worker-Main-1/INFO]: Preparing spawn area: 0%
[11:09:34] [Worker-Main-1/INFO]: Preparing spawn area: 0%
[11:09:34] [Worker-Main-1/INFO]: Preparing spawn area: 0%
[11:09:34] [Worker-Main-1/INFO]: Preparing spawn area: 0%
[11:09:34] [Worker-Main-1/INFO]: Preparing spawn area: 0%
[11:09:34] [Worker-Main-1/INFO]: Preparing spawn area: 0%
[11:09:35] [Worker-Main-1/INFO]: Preparing spawn area: 0%
[11:09:35] [Worker-Main-1/INFO]: Preparing spawn area: 0%
[11:09:35] [Worker-Main-1/INFO]: Preparing spawn area: 0%
[11:09:35] [Worker-Main-1/INFO]: Preparing spawn area: 0%
[11:09:36] [Server thread/INFO]: Time elapsed: 19092 ms
[11:09:36] [Server thread/INFO]: Preparing start region for dimension minecraft:the_nether
[11:09:36] [Worker-Main-1/INFO]: Preparing spawn area: 0%
[11:09:36] [Worker-Main-1/INFO]: Preparing spawn area: 46%
[11:09:36] [Server thread/INFO]: Time elapsed: 547 ms
[11:09:36] [Server thread/INFO]: Preparing start region for dimension minecraft:the_end
[11:09:36] [Worker-Main-1/INFO]: Preparing spawn area: 0%
[11:09:37] [Server thread/INFO]: Time elapsed: 392 ms
[11:09:37] [Server thread/INFO]: [Minecraft2Arduino] Enabling Minecraft2Arduino v0.1 dev
[11:09:37] [Server thread/WARN]: [Minecraft2Arduino] Could not save save.yml to plugins/Minecraft2Arduino/save.yml because save.yml already exists.
[11:09:37] [Server thread/WARN]: [Minecraft2Arduino] Could not save socket.yml to plugins/Minecraft2Arduino/socket.yml because socket.yml already exists.
[11:09:37] [Server thread/INFO]: [0;37;22m[[0;36;22mM[0;37;1m2[0;36;22mA[0;37;22m]: [0;33;1mgrass has been loaded![m
[11:09:37] [Server thread/INFO]: [0;37;22m[[0;36;22mM[0;37;1m2[0;36;22mA[0;37;22m]: [0;33;1msand1 has been loaded![m
[11:09:37] [Server thread/INFO]: [0;37;22m[[0;36;22mM[0;37;1m2[0;36;22mA[0;37;22m]: [0;33;1msand has been loaded![m
[11:09:37] [Server thread/INFO]: [0;37;22m[[0;36;22mM[0;37;1m2[0;36;22mA[0;37;22m]: [0;33;1msand2 has been loaded![m
[11:09:37] [Server thread/INFO]: [0;37;22m[[0;36;22mM[0;37;1m2[0;36;22mA[0;37;22m]: [0;33;1msand3 has been loaded![m
[11:09:37] [Server thread/INFO]: [0;37;22m[[0;36;22mM[0;37;1m2[0;36;22mA[0;37;22m]: [0;33;1msand4 has been loaded![m
[11:09:37] [Server thread/INFO]: [0;37;22m[[0;36;22mM[0;37;1m2[0;36;22mA[0;37;22m]: [0;33;1mlong_grass has been loaded![m
[11:09:37] [Server thread/INFO]: [0;37;22m[[0;36;22mM[0;37;1m2[0;36;22mA[0;37;22m]: [0;33;1mlog has been loaded![m
[11:09:37] [Server thread/INFO]: [0;37;22m[[0;36;22mM[0;37;1m2[0;36;22mA[0;37;22m]: [0;33;1mleaves has been loaded![m
[11:09:37] [Server thread/INFO]: [0;37;22m[[0;36;22mM[0;37;1m2[0;36;22mA[0;37;22m]: [0;33;1mlog1 has been loaded![m
[11:09:37] [Server thread/INFO]: [0;37;22m[[0;36;22mM[0;37;1m2[0;36;22mA[0;37;22m]: [0;33;1mstone has been loaded![m
[11:09:37] [Server thread/INFO]: [0;37;22m[[0;36;22mM[0;37;1m2[0;36;22mA[0;37;22m]: [0;33;1mgrass1 has been loaded![m
[11:09:37] [Server thread/INFO]: [0;37;22m[[0;36;22mM[0;37;1m2[0;36;22mA[0;37;22m]: [0;33;1mair has been loaded![m
[11:09:37] [Server thread/INFO]: [0;37;22m[[0;36;22mM[0;37;1m2[0;36;22mA[0;37;22m]: [0;33;1mwood has been loaded![m
[11:09:37] [Server thread/INFO]: [0;37;22m[[0;36;22mM[0;37;1m2[0;36;22mA[0;37;22m]: [0;33;1mjus2citron has been loaded![m
[11:09:37] [Server thread/INFO]: [0;37;22m[[0;36;22mM[0;37;1m2[0;36;22mA[0;37;22m]: [0;33;1mled has been loaded![m
[11:09:37] [Server thread/INFO]: [0;37;22m[[0;36;22mM[0;37;1m2[0;36;22mA[0;37;22m]: [0;33;1mTrying to connect to 141.95.159.229:8080[m
[11:09:37] [Server thread/INFO]: Server permissions file permissions.yml is empty, ignoring it
[11:09:37] [WebSocketConnectReadThread-41/INFO]: [Minecraft2Arduino] Connecté au WebSocket !
[11:09:37] [Server thread/INFO]: Done (22.780s)! For help, type "help"
[11:10:37] [Server thread/INFO]: Server empty for 60 seconds, pausing
[11:17:33] [User Authenticator #1/INFO]: UUID of player ApotheoZze is 59ac2913-2624-4e9f-9f96-1c3cb442746e
[11:17:34] [Server thread/INFO]: ApotheoZze joined the game
[11:17:34] [Server thread/INFO]: ApotheoZze[/86.212.123.241:51777] logged in with entity id 26 at ([world]113.31952489317894, 92.81320534061406, 232.8547415489463)
[11:18:16] [Server thread/INFO]: ApotheoZze issued server command: /pl
[11:18:26] [Server thread/INFO]: ApotheoZze issued server command: /m2a debug
[11:18:34] [Server thread/INFO]: ApotheoZze issued server command: /m2a gui
[11:18:53] [Server thread/INFO]: ApotheoZze issued server command: /setworldspawn
[11:18:53] [Server thread/INFO]: [ApotheoZze: Set the world spawn point to 117, 98, 221 [0.0]]
[11:18:57] [Server thread/INFO]: ApotheoZze issued server command: /clear
[11:18:57] [Server thread/INFO]: [ApotheoZze: Removed 134 item(s) from player ApotheoZze]
[11:19:01] [Server thread/INFO]: ApotheoZze issued server command: /m2a remove led
[11:19:05] [Server thread/INFO]: ApotheoZze issued server command: /m2a
[11:19:18] [Server thread/INFO]: ApotheoZze issued server command: /m2a rename lever led
[11:22:09] [Server thread/INFO]: Stopping the server
[11:22:09] [Server thread/INFO]: Stopping server
[11:22:09] [Server thread/INFO]: [Minecraft2Arduino] Disabling Minecraft2Arduino v0.1 dev
[11:22:09] [Server thread/INFO]: §7[§3M§f2§3A§7]: §eSuccessfully save: save.yml
[11:22:09] [Server thread/INFO]: Saving players
[11:22:09] [Server thread/INFO]: ApotheoZze lost connection: Server closed
[11:22:09] [Server thread/INFO]: ApotheoZze left the game.
[11:22:10] [Server thread/INFO]: Saving worlds
[11:22:11] [Server thread/INFO]: Saving chunks for level 'ServerLevel[world]'/minecraft:overworld
[11:22:14] [Server thread/INFO]: Saving chunks for level 'ServerLevel[world_nether]'/minecraft:the_nether
[11:22:14] [Server thread/INFO]: Saving chunks for level 'ServerLevel[world_the_end]'/minecraft:the_end
[11:22:14] [Server thread/INFO]: ThreadedAnvilChunkStorage (world): All chunks are saved
[11:22:14] [Server thread/INFO]: ThreadedAnvilChunkStorage (DIM-1): All chunks are saved
[11:22:14] [Server thread/INFO]: ThreadedAnvilChunkStorage (DIM1): All chunks are saved
[11:22:14] [Server thread/INFO]: ThreadedAnvilChunkStorage: All dimensions are saved
